Unable to capture context for thread 9208 in process 3576, can not generate back trace
Exception at PC 0x00007FFC9781BB93
Printing stacktrace...

[0]  [0x00007FFC9781BB93]
[1]  [0x00007FFC9781BB93]
[2]  [0x00007FFC9781B4A1]
[3]  [0x00007FFC9781B3EF]
[4]  [0x00007FFC978019FE]
[5]  [0x00007FFC97800ED1]
[6]  [0x00007FFC97800D76]
[7]  [0x00007FFC977A79F6]
[8]  [0x00007FFC97797AFB]
[9]  [0x00007FFC978BE90A]
[10]  [0x00007FFC978D9F87]
[11]  [0x00007FFC978DA05F]
[12] (BaseThreadInitThunk+0x22) [0x00007FFCED318102]
[13] (RtlUserThreadStart+0x34) [0x00007FFCEE62C5B4]
Done
Exception at PC 0x00007FFC97521A52
Attemped to write at address 0x00007FFCC57FABA4
Printing stacktrace...

[0]  [0x00007FFC97521A52]
[1]  [0x00007FFC97521A52]
[2]  [0x00007FFC97521AD4]
[3]  [0x00007FFC97663FF7]
[4]  [0x00007FFC97549128]
[5]  [0x00007FFC977FDFB9]
[6]  [0x00007FFC979CEF23]
[7]  [0x00007FFC978DB06B]
[8]  [0x00007FFC978D08AF]
[9]  [0x00007FFC978D0A32]
[10] (RtlActivateActivationContextUnsafeFast+0x108) [0x00007FFCEE5E52C8]
[11] (LdrShutdownProcess+0x14a) [0x00007FFCEE62B2EA]
[12] (RtlExitUserProcess+0xda) [0x00007FFCEE62B17A]
[13] (ExitProcess+0xa) [0x00007FFCED324D8A]
[14] (exit+0x95) [0x00007FFCEDC7A235]
[15] (initterm_e+0x243) [0x00007FFCEDC7A8C3]
[16]  [0x00000000004014CD]
[17]  [0x000000000040151B]
[18] (BaseThreadInitThunk+0x22) [0x00007FFCED318102]
[19] (RtlUserThreadStart+0x34) [0x00007FFCEE62C5B4]
Done
